<?xml version="1.0" encoding="UTF-8"?>
<!-- Generated by org.testng.reporters.JUnitReportReporter -->
<testsuite hostname="INHYDDPC034" name="com.redbus.testScripts.REDBUS001SearchForBuses" tests="1" failures="0" timestamp="15 Apr 2016 04:47:41 GMT" time="45.638" errors="0">
  <testcase name="verifySearchBuses" time="45.638" classname="com.redbus.testScripts.REDBUS001SearchForBuses"/>
</testsuite> <!-- com.redbus.testScripts.REDBUS001SearchForBuses -->
